<?xml version="1.0" encoding="UTF-8"?>
<testng-results skipped="0" failed="0" ignored="0" total="2" passed="2">
  <reporter-output>
  </reporter-output>
  <suite name="Default suite" duration-ms="53995" started-at="2020-03-28T12:48:58Z" finished-at="2020-03-28T12:49:52Z">
    <groups>
    </groups>
    <test name="Default test" duration-ms="53995" started-at="2020-03-28T12:48:58Z" finished-at="2020-03-28T12:49:52Z">
      <class name="testScripts.Module1">
        <test-method status="PASS" signature="beforesuite()[pri:0, instance:testScripts.Module1@6950e31]" name="beforesuite" is-config="true" duration-ms="239" started-at="2020-03-28T12:48:58Z" finished-at="2020-03-28T12:48:58Z">
          <reporter-output>
          </reporter-output>
        </test-method> <!-- beforesuite -->
        <test-method status="PASS" signature="beforemethod(org.testng.ITestContext)[pri:0, instance:testScripts.Module1@6950e31]" name="beforemethod" is-config="true" duration-ms="650" started-at="2020-03-28T12:48:58Z" finished-at="2020-03-28T12:48:59Z">
          <params>
            <param index="0">
              <value>
                <![CDATA[org.testng.TestRunner@5e1218b4]]>
              </value>
            </param>
          </params>
          <reporter-output>
          </reporter-output>
        </test-method> <!-- beforemethod -->
        <test-method status="PASS" signature="before()[pri:0, instance:testScripts.Module1@6950e31]" name="before" is-config="true" duration-ms="23400" started-at="2020-03-28T12:48:59Z" finished-at="2020-03-28T12:49:22Z">
          <reporter-output>
          </reporter-output>
        </test-method> <!-- before -->
        <test-method status="PASS" signature="TC101()[pri:0, instance:testScripts.Module1@6950e31]" name="TC101" duration-ms="4117" started-at="2020-03-28T12:49:22Z" finished-at="2020-03-28T12:49:26Z">
          <reporter-output>
          </reporter-output>
        </test-method> <!-- TC101 -->
        <test-method status="PASS" signature="after()[pri:0, instance:testScripts.Module1@6950e31]" name="after" is-config="true" duration-ms="3765" started-at="2020-03-28T12:49:26Z" finished-at="2020-03-28T12:49:30Z">
          <reporter-output>
          </reporter-output>
        </test-method> <!-- after -->
        <test-method status="PASS" signature="aftermethod(org.testng.ITestResult, org.testng.ITestContext)[pri:0, instance:testScripts.Module1@6950e31]" name="aftermethod" is-config="true" duration-ms="224" started-at="2020-03-28T12:49:30Z" finished-at="2020-03-28T12:49:30Z">
          <params>
            <param index="0">
              <value>
                <![CDATA[[TestResult name=TC101 status=SUCCESS method=Module1.TC101()[pri:0, instance:testScripts.Module1@6950e31] output={null}]]]>
              </value>
            </param>
            <param index="1">
              <value>
                <![CDATA[org.testng.TestRunner@5e1218b4]]>
              </value>
            </param>
          </params>
          <reporter-output>
          </reporter-output>
        </test-method> <!-- aftermethod -->
        <test-method status="PASS" signature="beforemethod(org.testng.ITestContext)[pri:0, instance:testScripts.Module1@6950e31]" name="beforemethod" is-config="true" duration-ms="41" started-at="2020-03-28T12:49:30Z" finished-at="2020-03-28T12:49:30Z">
          <params>
            <param index="0">
              <value>
                <![CDATA[org.testng.TestRunner@5e1218b4]]>
              </value>
            </param>
          </params>
          <reporter-output>
          </reporter-output>
        </test-method> <!-- beforemethod -->
        <test-method status="PASS" signature="before()[pri:0, instance:testScripts.Module1@6950e31]" name="before" is-config="true" duration-ms="14234" started-at="2020-03-28T12:49:30Z" finished-at="2020-03-28T12:49:45Z">
          <reporter-output>
          </reporter-output>
        </test-method> <!-- before -->
        <test-method status="PASS" signature="TC102()[pri:0, instance:testScripts.Module1@6950e31]" name="TC102" duration-ms="3865" started-at="2020-03-28T12:49:45Z" finished-at="2020-03-28T12:49:48Z">
          <reporter-output>
          </reporter-output>
        </test-method> <!-- TC102 -->
        <test-method status="PASS" signature="after()[pri:0, instance:testScripts.Module1@6950e31]" name="after" is-config="true" duration-ms="3592" started-at="2020-03-28T12:49:48Z" finished-at="2020-03-28T12:49:52Z">
          <reporter-output>
          </reporter-output>
        </test-method> <!-- after -->
        <test-method status="PASS" signature="aftermethod(org.testng.ITestResult, org.testng.ITestContext)[pri:0, instance:testScripts.Module1@6950e31]" name="aftermethod" is-config="true" duration-ms="73" started-at="2020-03-28T12:49:52Z" finished-at="2020-03-28T12:49:52Z">
          <params>
            <param index="0">
              <value>
                <![CDATA[[TestResult name=TC102 status=SUCCESS method=Module1.TC102()[pri:0, instance:testScripts.Module1@6950e31] output={null}]]]>
              </value>
            </param>
            <param index="1">
              <value>
                <![CDATA[org.testng.TestRunner@5e1218b4]]>
              </value>
            </param>
          </params>
          <reporter-output>
          </reporter-output>
        </test-method> <!-- aftermethod -->
        <test-method status="PASS" signature="aftersuite()[pri:0, instance:testScripts.Module1@6950e31]" name="aftersuite" is-config="true" duration-ms="5868" started-at="2020-03-28T12:49:52Z" finished-at="2020-03-28T12:49:58Z">
          <reporter-output>
          </reporter-output>
        </test-method> <!-- aftersuite -->
      </class> <!-- testScripts.Module1 -->
    </test> <!-- Default test -->
  </suite> <!-- Default suite -->
</testng-results>
